<?xml version="1.0" encoding="UTF-8"?>
<!-- Generated by org.testng.reporters.JUnitXMLReporter -->
<testsuite ignored="6" hostname="LAPTOP-HSRIHDI5" failures="0" tests="1" name="ValidLogin" time="12.869" errors="0" timestamp="2021-04-26T00:10:50 IST">
  <testcase classname="test.FileUpload" name="testRahul" time="12.781"/>
  <testcase classname="test.FileUpload" name="Ecommerce" time="0.0">
    <ignored/>
  </testcase> <!-- Ecommerce -->
  <testcase classname="test.FileUpload" name="MultipleWindows" time="0.0">
    <ignored/>
  </testcase> <!-- MultipleWindows -->
  <testcase classname="test.FileUpload" name="downloadFile" time="0.0">
    <ignored/>
  </testcase> <!-- downloadFile -->
  <testcase classname="test.FileUpload" name="nestedFrames" time="0.0">
    <ignored/>
  </testcase> <!-- nestedFrames -->
  <testcase classname="test.FileUpload" name="file" time="0.0">
    <ignored/>
  </testcase> <!-- file -->
  <testcase classname="test.FileUpload" name="search" time="0.0">
    <ignored/>
  </testcase> <!-- search -->
</testsuite> <!-- ValidLogin -->
