<?xml version="1.0" encoding="UTF-8"?>
<!-- Generated by org.testng.reporters.JUnitXMLReporter -->
<testsuite ignored="6" hostname="LAPTOP-HSRIHDI5" failures="0" tests="1" name="ValidLogin" time="12.466" errors="0" timestamp="27 Apr 2021 08:36:30 GMT">
  <testcase classname="test.FileUploadTest" name="testRahul" time="12.417"/>
  <testcase classname="test.FileUploadTest" name="nestedFrames" time="0.0">
    <ignored/>
  </testcase> <!-- nestedFrames -->
  <testcase classname="test.FileUploadTest" name="search" time="0.0">
    <ignored/>
  </testcase> <!-- search -->
  <testcase classname="test.FileUploadTest" name="file" time="0.0">
    <ignored/>
  </testcase> <!-- file -->
  <testcase classname="test.FileUploadTest" name="MultipleWindows" time="0.0">
    <ignored/>
  </testcase> <!-- MultipleWindows -->
  <testcase classname="test.FileUploadTest" name="downloadFile" time="0.0">
    <ignored/>
  </testcase> <!-- downloadFile -->
  <testcase classname="test.FileUploadTest" name="Ecommerce" time="0.0">
    <ignored/>
  </testcase> <!-- Ecommerce -->
</testsuite> <!-- ValidLogin -->
