<?xml version="1.0" encoding="UTF-8"?>
<testng-results ignored="6" total="7" passed="1" failed="0" skipped="0">
  <reporter-output>
  </reporter-output>
  <suite started-at="2021-04-27T08:36:17Z" name="Suite" finished-at="2021-04-27T08:36:29Z" duration-ms="12466">
    <groups>
    </groups>
    <test started-at="2021-04-27T08:36:17Z" name="ValidLogin" finished-at="2021-04-27T08:36:29Z" duration-ms="12466">
      <class name="test.FileUploadTest">
        <test-method signature="testRahul()[pri:0, instance:test.FileUploadTest@1fb669c3]" started-at="2021-04-27T08:36:17Z" name="testRahul" finished-at="2021-04-27T08:36:29Z" duration-ms="12417" status="PASS">
          <reporter-output>
          </reporter-output>
        </test-method> <!-- testRahul -->
      </class> <!-- test.FileUploadTest -->
    </test> <!-- ValidLogin -->
  </suite> <!-- Suite -->
</testng-results>
